c:\users\sinn3r\documents\visual studio 2013\projects\comclientexample\comclientexample\debug\comclientexample.pch
c:\users\sinn3r\documents\visual studio 2013\projects\comclientexample\comclientexample\debug\vc120.pdb
c:\users\sinn3r\documents\visual studio 2013\projects\comclientexample\comclientexample\debug\vc120.idb
c:\users\sinn3r\documents\visual studio 2013\projects\comclientexample\comclientexample\debug\stdafx.obj
c:\users\sinn3r\documents\visual studio 2013\projects\comclientexample\comclientexample\debug\comclientexample.obj
c:\users\sinn3r\documents\visual studio 2013\projects\comclientexample\debug\comclientexample.ilk
c:\users\sinn3r\documents\visual studio 2013\projects\comclientexample\debug\comclientexample.exe
c:\users\sinn3r\documents\visual studio 2013\projects\comclientexample\debug\comclientexample.pdb
c:\users\sinn3r\documents\visual studio 2013\projects\comclientexample\comclientexample\debug\comclientexample.res
c:\users\sinn3r\documents\visual studio 2013\projects\comclientexample\comclientexample\debug\comserverexample.tli
c:\users\sinn3r\documents\visual studio 2013\projects\comclientexample\comclientexample\debug\comserverexample.tlh
c:\users\sinn3r\documents\visual studio 2013\projects\comclientexample\comclientexample\debug\comclientexample.tlog\cl.command.1.tlog
c:\users\sinn3r\documents\visual studio 2013\projects\comclientexample\comclientexample\debug\comclientexample.tlog\cl.read.1.tlog
c:\users\sinn3r\documents\visual studio 2013\projects\comclientexample\comclientexample\debug\comclientexample.tlog\cl.write.1.tlog
c:\users\sinn3r\documents\visual studio 2013\projects\comclientexample\comclientexample\debug\comclientexample.tlog\link.command.1.tlog
c:\users\sinn3r\documents\visual studio 2013\projects\comclientexample\comclientexample\debug\comclientexample.tlog\link.read.1.tlog
c:\users\sinn3r\documents\visual studio 2013\projects\comclientexample\comclientexample\debug\comclientexample.tlog\link.write.1.tlog
c:\users\sinn3r\documents\visual studio 2013\projects\comclientexample\comclientexample\debug\comclientexample.tlog\rc.command.1.tlog
c:\users\sinn3r\documents\visual studio 2013\projects\comclientexample\comclientexample\debug\comclientexample.tlog\rc.read.1.tlog
c:\users\sinn3r\documents\visual studio 2013\projects\comclientexample\comclientexample\debug\comclientexample.tlog\rc.write.1.tlog
